Arguments: 
  /opt/homebrew/Cellar/node/16.0.0_1/bin/node /opt/homebrew/bin/yarn install

PATH: 
  /opt/homebrew/bin:/opt/homebrew/sbin:/opt/homebrew/bin:/opt/homebrew/sbin:/usr/local/bin:/usr/bin:/bin:/usr/sbin:/sbin:/opt/homebrew/bin:/opt/homebrew/sbin

Yarn version: 
  1.22.10

Node version: 
  16.0.0

Platform: 
  darwin arm64

Trace: 
  Invariant Violation: could not find a copy of react-native to link in /Users/abrahamj/Documents/GitHub/stock_tock/node_modules/react-native-gradient-card-view/node_modules
      at invariant (/opt/homebrew/lib/node_modules/yarn/lib/cli.js:2314:15)
      at PackageLinker.<anonymous> (/opt/homebrew/lib/node_modules/yarn/lib/cli.js:48717:7)
      at Generator.next (<anonymous>)
      at step (/opt/homebrew/lib/node_modules/yarn/lib/cli.js:310:30)
      at /opt/homebrew/lib/node_modules/yarn/lib/cli.js:321:13
      at runMicrotasks (<anonymous>)
      at processTicksAndRejections (node:internal/process/task_queues:96:5)

npm manifest: 
  {
    "main": "node_modules/expo/AppEntry.js",
    "scripts": {
      "start": "expo start",
      "android": "expo start --android",
      "ios": "expo start --ios",
      "web": "expo start --web",
      "eject": "expo eject"
    },
    "dependencies": {
      "@freakycoder/react-native-bounceable": ">= 0.2.2",
      "@react-native-community/async-storage": "^1.12.1",
      "@react-native-community/masked-view": "0.1.10",
      "@react-navigation/bottom-tabs": "^5.11.7",
      "@react-navigation/native": "^5.9.2",
      "@react-navigation/stack": "^5.14.2",
      "alphavantage": "^2.2.0",
      "expo": "^40.0.1",
      "expo-status-bar": "~1.0.3",
      "firebase": "7.9.0",
      "newsapi": "^2.4.1",
      "parse": "^3.1.0",
      "prompt": "^1.1.0",
      "props": "^0.3.0",
      "react": "16.13.1",
      "react-dom": "16.13.1",
      "react-native": "https://github.com/expo/react-native/archive/sdk-40.0.1.tar.gz",
      "react-native-animated-spinkit": "^1.4.1",
      "react-native-card-stack-swiper": "^1.2.5",
      "react-native-dynamic-search-bar": "github:WrathChaos/react-native-dynamic-search-bar#expo",
      "react-native-dynamic-vector-icons": "github:WrathChaos/react-native-dynamic-vector-icons#expo",
      "react-native-elements": "^3.3.0",
      "react-native-gesture-handler": "~1.8.0",
      "react-native-reanimated": "~1.13.0",
      "react-native-safe-area-context": "3.1.9",
      "react-native-screens": "^2.15.2",
      "react-native-search-bar": "^3.5.1",
      "react-native-svg": "^12.1.0",
      "react-native-swipeout": "^2.3.6",
      "react-native-web": "^0.15.0",
      "react-navigation": "^4.4.4",
      "react-redux": "^7.2.3",
      "redux": "^4.0.5",
      "redux-thunk": "^2.3.0",
      "rn-content-loader": "0.0.6",
      "tslib": "^2.1.0"
    },
    "devDependencies": {
      "@babel/core": "~7.9.0",
      "json-loader": "^0.5.7",
      "react-native-cli": "^2.0.1"
    },
    "private": true
  }

yarn manifest: 
  No manifest

Lockfile: 
  No lockfile
